#
# There is insufficient memory for the Java Runtime Environment to continue.
# Native memory allocation (malloc) failed to allocate 4088 bytes for AllocateHeap
# Possible reasons:
#   The system is out of physical RAM or swap space
#   In 32 bit mode, the process size limit was hit
# Possible solutions:
#   Reduce memory load on the system
#   Increase physical memory or swap space
#   Check if swap backing store is full
#   Use 64 bit Java on a 64 bit OS
#   Decrease Java heap size (-Xmx/-Xms)
#   Decrease number of Java threads
#   Decrease Java thread stack sizes (-Xss)
#   Set larger code cache with -XX:ReservedCodeCacheSize=
# This output file may be truncated or incomplete.
#
#  Out of Memory Error (memory/allocation.inline.hpp:61), pid=3524, tid=0x0000000000001778
#
# JRE version: Java(TM) SE Runtime Environment (8.0_111-b14) (build 1.8.0_111-b14)
# Java VM: Java HotSpot(TM) 64-Bit Server VM (25.111-b14 mixed mode windows-amd64 compressed oops)
# Failed to write core dump. 
#

---------------  T H R E A D  ---------------

Current thread (0x0000000002224000):  VMThread [stack: 0x0000000052830000,0x0000000052930000] [id=6008]

Stack: [0x0000000052830000,0x0000000052930000]
[error occurred during error reporting (printing stack bounds), id 0xc0000005]

Native frames: (J=compiled Java code, j=interpreted, Vv=VM code, C=native code)

VM_Operation (0x000000000235cbf0): GenCollectForAllocation, mode: safepoint, requested by thread 0x0000000002140000


---------------  P R O C E S S  ---------------

Java Threads: ( => current thread )
  0x0000000052615800 JavaThread "Service Thread" daemon [_thread_blocked, id=6912, stack(0x0000000053190000,0x0000000053290000)]
  0x0000000052614800 JavaThread "C1 CompilerThread1" daemon [_thread_blocked, id=1988, stack(0x0000000053000000,0x0000000053100000)]
  0x00000000525bb000 JavaThread "C2 CompilerThread0" daemon [_thread_blocked, id=1040, stack(0x0000000052d30000,0x0000000052e30000)]
  0x00000000525b6800 JavaThread "Attach Listener" daemon [_thread_blocked, id=5620, stack(0x0000000052e40000,0x0000000052f40000)]
  0x00000000525b3000 JavaThread "Signal Dispatcher" daemon [_thread_blocked, id=5808, stack(0x0000000052c20000,0x0000000052d20000)]
  0x000000000222f000 JavaThread "Finalizer" daemon [_thread_blocked, id=2780, stack(0x00000000529d0000,0x0000000052ad0000)]
  0x000000000222d000 JavaThread "Reference Handler" daemon [_thread_blocked, id=6576, stack(0x00000000526b0000,0x00000000527b0000)]
  0x0000000002140000 JavaThread "main" [_thread_blocked, id=6456, stack(0x0000000002260000,0x0000000002360000)]

Other Threads:
=>0x0000000002224000 VMThread [stack: 0x0000000052830000,0x0000000052930000] [id=6008]
  0x000000005261b000 WatcherThread [stack: 0x00000000532a0000,0x00000000533a0000] [id=2304]

VM state:at safepoint (normal execution)

VM Mutex/Monitor currently owned by a thread:  ([mutex/lock_event])
[0x000000000213e900] Threads_lock - owner thread: 0x0000000002224000
[0x000000000213ee00] Heap_lock - owner thread: 0x0000000002140000

Heap:
 def new generation   total 74496K, used 66240K [0x00000000ce400000, 0x00000000d34d0000, 0x00000000ded50000)
  eden space 66240K, 100% used [0x00000000ce400000, 0x00000000d24b0000, 0x00000000d24b0000)
  from space 8256K,   0% used [0x00000000d2cc0000, 0x00000000d2cc0000, 0x00000000d34d0000)
  to   space 8256K, 100% used [0x00000000d24b0000, 0x00000000d2cc0000, 0x00000000d2cc0000)
 tenured generation   total 186812K, used 186811K [0x00000000ded50000, 0x00000000ea3bf000, 0x0000000100000000)
   the space 186812K,  99% used [0x00000000ded50000, 0x00000000ea3beff8, 0x00000000ea3bf000, 0x00000000ea3bf000)
 Metaspace       used 14752K, capacity 14970K, committed 15232K, reserved 1062912K
  class space    used 1710K, capacity 1815K, committed 1920K, reserved 1048576K

Card table byte_map: [0x00000000119f0000,0x0000000011b80000] byte_map_base: 0x000000001137e000

Polling page: 0x0000000000230000

CodeCache: size=245760Kb used=12489Kb max_used=12501Kb free=233270Kb
 bounds [0x0000000002630000, 0x0000000003280000, 0x0000000011630000]
 total_blobs=3343 nmethods=3012 adapters=243
 compilation: enabled

Compilation events (10 events):
Event: 24.172 Thread 0x0000000052614800 3063   !   3       java.nio.channels.spi.AbstractInterruptibleChannel::close (37 bytes)
Event: 24.172 Thread 0x0000000052614800 nmethod 3063 0x0000000003257e10 code [0x0000000003257f80, 0x00000000032583a0]
Event: 24.350 Thread 0x00000000525bb000 3064       4       java.lang.String::regionMatches (149 bytes)
Event: 24.358 Thread 0x00000000525bb000 nmethod 3064 0x00000000032557d0 code [0x0000000003255940, 0x0000000003256098]
Event: 24.359 Thread 0x0000000052614800 3065       3       java.text.DateFormatSymbols::getShortMonths (16 bytes)
Event: 24.359 Thread 0x0000000052614800 nmethod 3065 0x0000000003257850 code [0x00000000032579c0, 0x0000000003257d20]
Event: 24.376 Thread 0x00000000525bb000 3066       4       java.util.regex.Matcher::<init> (84 bytes)
Event: 24.380 Thread 0x00000000525bb000 nmethod 3066 0x000000000326ddd0 code [0x000000000326df20, 0x000000000326e298]
Event: 24.380 Thread 0x00000000525bb000 3067   !   4       java.util.regex.Pattern::matcher (44 bytes)
Event: 24.384 Thread 0x00000000525bb000 nmethod 3067 0x0000000003257050 code [0x00000000032571c0, 0x00000000032575d8]

GC Heap History (10 events):
Event: 15.627 GC heap after
Heap after GC invocations=10 (full 1):
 def new generation   total 66240K, used 7295K [0x00000000ce400000, 0x00000000d2bd0000, 0x00000000ded50000)
  eden space 58944K,   0% used [0x00000000ce400000, 0x00000000ce400000, 0x00000000d1d90000)
  from space 7296K,  99% used [0x00000000d24b0000, 0x00000000d2bcfff8, 0x00000000d2bd0000)
  to   space 7296K,   0% used [0x00000000d1d90000, 0x00000000d1d90000, 0x00000000d24b0000)
 tenured generation   total 146988K, used 103602K [0x00000000ded50000, 0x00000000e7cdb000, 0x0000000100000000)
   the space 146988K,  70% used [0x00000000ded50000, 0x00000000e527cbf8, 0x00000000e527cc00, 0x00000000e7cdb000)
 Metaspace       used 14501K, capacity 14772K, committed 14976K, reserved 1062912K
  class space    used 1709K, capacity 1814K, committed 1920K, reserved 1048576K
}
Event: 16.735 GC heap before
{Heap before GC invocations=10 (full 1):
 def new generation   total 66240K, used 66239K [0x00000000ce400000, 0x00000000d2bd0000, 0x00000000ded50000)
  eden space 58944K, 100% used [0x00000000ce400000, 0x00000000d1d90000, 0x00000000d1d90000)
  from space 7296K,  99% used [0x00000000d24b0000, 0x00000000d2bcfff8, 0x00000000d2bd0000)
  to   space 7296K,   0% used [0x00000000d1d90000, 0x00000000d1d90000, 0x00000000d24b0000)
 tenured generation   total 146988K, used 103602K [0x00000000ded50000, 0x00000000e7cdb000, 0x0000000100000000)
   the space 146988K,  70% used [0x00000000ded50000, 0x00000000e527cbf8, 0x00000000e527cc00, 0x00000000e7cdb000)
 Metaspace       used 14508K, capacity 14772K, committed 14976K, reserved 1062912K
  class space    used 1709K, capacity 1814K, committed 1920K, reserved 1048576K
Event: 16.858 GC heap after
Heap after GC invocations=11 (full 1):
 def new generation   total 66240K, used 7295K [0x00000000ce400000, 0x00000000d2bd0000, 0x00000000ded50000)
  eden space 58944K,   0% used [0x00000000ce400000, 0x00000000ce400000, 0x00000000d1d90000)
  from space 7296K,  99% used [0x00000000d1d90000, 0x00000000d24afff8, 0x00000000d24b0000)
  to   space 7296K,   0% used [0x00000000d24b0000, 0x00000000d24b0000, 0x00000000d2bd0000)
 tenured generation   total 146988K, used 123656K [0x00000000ded50000, 0x00000000e7cdb000, 0x0000000100000000)
   the space 146988K,  84% used [0x00000000ded50000, 0x00000000e6612260, 0x00000000e6612400, 0x00000000e7cdb000)
 Metaspace       used 14508K, capacity 14772K, committed 14976K, reserved 1062912K
  class space    used 1709K, capacity 1814K, committed 1920K, reserved 1048576K
}
Event: 19.732 GC heap before
{Heap before GC invocations=11 (full 1):
 def new generation   total 66240K, used 66239K [0x00000000ce400000, 0x00000000d2bd0000, 0x00000000ded50000)
  eden space 58944K, 100% used [0x00000000ce400000, 0x00000000d1d90000, 0x00000000d1d90000)
  from space 7296K,  99% used [0x00000000d1d90000, 0x00000000d24afff8, 0x00000000d24b0000)
  to   space 7296K,   0% used [0x00000000d24b0000, 0x00000000d24b0000, 0x00000000d2bd0000)
 tenured generation   total 146988K, used 123656K [0x00000000ded50000, 0x00000000e7cdb000, 0x0000000100000000)
   the space 146988K,  84% used [0x00000000ded50000, 0x00000000e6612260, 0x00000000e6612400, 0x00000000e7cdb000)
 Metaspace       used 14518K, capacity 14772K, committed 14976K, reserved 1062912K
  class space    used 1709K, capacity 1814K, committed 1920K, reserved 1048576K
Event: 19.877 GC heap after
Heap after GC invocations=12 (full 1):
 def new generation   total 66240K, used 7296K [0x00000000ce400000, 0x00000000d2bd0000, 0x00000000ded50000)
  eden space 58944K,   0% used [0x00000000ce400000, 0x00000000ce400000, 0x00000000d1d90000)
  from space 7296K, 100% used [0x00000000d24b0000, 0x00000000d2bd0000, 0x00000000d2bd0000)
  to   space 7296K,   0% used [0x00000000d1d90000, 0x00000000d1d90000, 0x00000000d24b0000)
 tenured generation   total 146988K, used 144407K [0x00000000ded50000, 0x00000000e7cdb000, 0x0000000100000000)
   the space 146988K,  98% used [0x00000000ded50000, 0x00000000e7a55cc0, 0x00000000e7a55e00, 0x00000000e7cdb000)
 Metaspace       used 14518K, capacity 14772K, committed 14976K, reserved 1062912K
  class space    used 1709K, capacity 1814K, committed 1920K, reserved 1048576K
}
Event: 21.047 GC heap before
{Heap before GC invocations=12 (full 1):
 def new generation   total 66240K, used 66240K [0x00000000ce400000, 0x00000000d2bd0000, 0x00000000ded50000)
  eden space 58944K, 100% used [0x00000000ce400000, 0x00000000d1d90000, 0x00000000d1d90000)
  from space 7296K, 100% used [0x00000000d24b0000, 0x00000000d2bd0000, 0x00000000d2bd0000)
  to   space 7296K,   0% used [0x00000000d1d90000, 0x00000000d1d90000, 0x00000000d24b0000)
 tenured generation   total 146988K, used 144407K [0x00000000ded50000, 0x00000000e7cdb000, 0x0000000100000000)
   the space 146988K,  98% used [0x00000000ded50000, 0x00000000e7a55cc0, 0x00000000e7a55e00, 0x00000000e7cdb000)
 Metaspace       used 14539K, capacity 14772K, committed 14976K, reserved 1062912K
  class space    used 1709K, capacity 1814K, committed 1920K, reserved 1048576K
Event: 21.549 GC heap after
Heap after GC invocations=13 (full 2):
 def new generation   total 74496K, used 7133K [0x00000000ce400000, 0x00000000d34d0000, 0x00000000ded50000)
  eden space 66240K,  10% used [0x00000000ce400000, 0x00000000ceaf7678, 0x00000000d24b0000)
  from space 8256K,   0% used [0x00000000d24b0000, 0x00000000d24b0000, 0x00000000d2cc0000)
  to   space 8256K,   0% used [0x00000000d2cc0000, 0x00000000d2cc0000, 0x00000000d34d0000)
 tenured generation   total 165420K, used 165419K [0x00000000ded50000, 0x00000000e8edb000, 0x0000000100000000)
   the space 165420K,  99% used [0x00000000ded50000, 0x00000000e8edafe0, 0x00000000e8edb000, 0x00000000e8edb000)
 Metaspace       used 14539K, capacity 14772K, committed 14976K, reserved 1062912K
  class space    used 1709K, capacity 1814K, committed 1920K, reserved 1048576K
}
Event: 22.684 GC heap before
{Heap before GC invocations=13 (full 2):
 def new generation   total 74496K, used 66240K [0x00000000ce400000, 0x00000000d34d0000, 0x00000000ded50000)
  eden space 66240K, 100% used [0x00000000ce400000, 0x00000000d24b0000, 0x00000000d24b0000)
  from space 8256K,   0% used [0x00000000d24b0000, 0x00000000d24b0000, 0x00000000d2cc0000)
  to   space 8256K,   0% used [0x00000000d2cc0000, 0x00000000d2cc0000, 0x00000000d34d0000)
 tenured generation   total 165420K, used 165419K [0x00000000ded50000, 0x00000000e8edb000, 0x0000000100000000)
   the space 165420K,  99% used [0x00000000ded50000, 0x00000000e8edafe0, 0x00000000e8edb000, 0x00000000e8edb000)
 Metaspace       used 14748K, capacity 14964K, committed 15232K, reserved 1062912K
  class space    used 1709K, capacity 1814K, committed 1920K, reserved 1048576K
Event: 23.382 GC heap after
Heap after GC invocations=14 (full 3):
 def new generation   total 74496K, used 8171K [0x00000000ce400000, 0x00000000d34d0000, 0x00000000ded50000)
  eden space 66240K,  12% used [0x00000000ce400000, 0x00000000cebfad58, 0x00000000d24b0000)
  from space 8256K,   0% used [0x00000000d2cc0000, 0x00000000d2cc0000, 0x00000000d34d0000)
  to   space 8256K,   0% used [0x00000000d24b0000, 0x00000000d24b0000, 0x00000000d2cc0000)
 tenured generation   total 185004K, used 185003K [0x00000000ded50000, 0x00000000ea1fb000, 0x0000000100000000)
   the space 185004K,  99% used [0x00000000ded50000, 0x00000000ea1faff0, 0x00000000ea1fb000, 0x00000000ea1fb000)
 Metaspace       used 14748K, capacity 14964K, committed 15232K, reserved 1062912K
  class space    used 1709K, capacity 1814K, committed 1920K, reserved 1048576K
}
Event: 24.402 GC heap before
{Heap before GC invocations=14 (full 3):
 def new generation   total 74496K, used 66240K [0x00000000ce400000, 0x00000000d34d0000, 0x00000000ded50000)
  eden space 66240K, 100% used [0x00000000ce400000, 0x00000000d24b0000, 0x00000000d24b0000)
  from space 8256K,   0% used [0x00000000d2cc0000, 0x00000000d2cc0000, 0x00000000d34d0000)
  to   space 8256K,   0% used [0x00000000d24b0000, 0x00000000d24b0000, 0x00000000d2cc0000)
 tenured generation   total 185004K, used 185003K [0x00000000ded50000, 0x00000000ea1fb000, 0x0000000100000000)
   the space 185004K,  99% used [0x00000000ded50000, 0x00000000ea1faff0, 0x00000000ea1fb000, 0x00000000ea1fb000)
 Metaspace       used 14752K, capacity 14970K, committed 15232K, reserved 1062912K
  class space    used 1710K, capacity 1815K, committed 1920K, reserved 1048576K

Deoptimization events (10 events):
Event: 11.623 Thread 0x0000000002140000 Uncommon trap: reason=unstable_if action=reinterpret pc=0x0000000002e77bd4 method=org.codehaus.plexus.util.xml.pull.MXParser.parseAttribute()C @ 1002
Event: 12.748 Thread 0x0000000002140000 Uncommon trap: reason=unstable_if action=reinterpret pc=0x0000000002ea9364 method=org.apache.maven.model.merge.ModelMerger.mergeConfigurationContainer_Configuration(Lorg/apache/maven/model/ConfigurationContainer;Lorg/apache/maven/model/ConfigurationContai
Event: 13.462 Thread 0x0000000002140000 Uncommon trap: reason=unstable_if action=reinterpret pc=0x000000000303c7f0 method=org.apache.maven.model.merge.ModelMerger.mergeConfigurationContainer_Inherited(Lorg/apache/maven/model/ConfigurationContainer;Lorg/apache/maven/model/ConfigurationContainer;
Event: 13.462 Thread 0x0000000002140000 Uncommon trap: reason=unstable_if action=reinterpret pc=0x0000000002f14bf0 method=org.apache.maven.model.merge.ModelMerger.mergePlugin_Extensions(Lorg/apache/maven/model/Plugin;Lorg/apache/maven/model/Plugin;ZLjava/util/Map;)V @ 19
Event: 15.741 Thread 0x0000000002140000 Uncommon trap: reason=class_check action=maybe_recompile pc=0x0000000002bdffac method=org.apache.maven.model.interpolation.StringSearchModelInterpolator$InterpolateObjectAction$MapField.doInterpolate(Ljava/lang/Object;Lorg/apache/maven/model/interpolation
Event: 15.741 Thread 0x0000000002140000 Uncommon trap: reason=class_check action=maybe_recompile pc=0x0000000002bdffac method=org.apache.maven.model.interpolation.StringSearchModelInterpolator$InterpolateObjectAction$MapField.doInterpolate(Ljava/lang/Object;Lorg/apache/maven/model/interpolation
Event: 16.292 Thread 0x0000000002140000 Uncommon trap: reason=null_check action=make_not_entrant pc=0x000000000313e930 method=org.codehaus.plexus.util.xml.Xpp3Dom.mergeIntoXpp3Dom(Lorg/codehaus/plexus/util/xml/Xpp3Dom;Lorg/codehaus/plexus/util/xml/Xpp3Dom;Ljava/lang/Boolean;)V @ 19
Event: 18.113 Thread 0x0000000002140000 Uncommon trap: reason=null_check action=make_not_entrant pc=0x0000000003147138 method=org.codehaus.plexus.util.xml.Xpp3Dom.mergeIntoXpp3Dom(Lorg/codehaus/plexus/util/xml/Xpp3Dom;Lorg/codehaus/plexus/util/xml/Xpp3Dom;Ljava/lang/Boolean;)V @ 146
Event: 20.063 Thread 0x0000000002140000 Uncommon trap: reason=predicate action=maybe_recompile pc=0x0000000003185294 method=org.eclipse.aether.internal.impl.DefaultRemoteRepositoryManager.aggregateRepositories(Lorg/eclipse/aether/RepositorySystemSession;Ljava/util/List;Ljava/util/List;Z)Ljava/u
Event: 24.275 Thread 0x0000000002140000 Uncommon trap: reason=unstable_if action=reinterpret pc=0x00000000032654d0 method=java.util.WeakHashMap.get(Ljava/lang/Object;)Ljava/lang/Object; @ 35

Internal exceptions (10 events):
Event: 3.856 Thread 0x0000000002140000 Exception <a 'java/lang/NullPointerException'> (0x00000000d030a828) thrown at [C:\re\workspace\8-2-build-windows-amd64-cygwin\jdk8u111\7883\hotspot\src\share\vm\interpreter\linkResolver.cpp, line 1178]
Event: 3.857 Thread 0x0000000002140000 Exception <a 'java/lang/NullPointerException'> (0x00000000d030f750) thrown at [C:\re\workspace\8-2-build-windows-amd64-cygwin\jdk8u111\7883\hotspot\src\share\vm\interpreter\linkResolver.cpp, line 1178]
Event: 3.857 Thread 0x0000000002140000 Exception <a 'java/lang/NullPointerException'> (0x00000000d030f968) thrown at [C:\re\workspace\8-2-build-windows-amd64-cygwin\jdk8u111\7883\hotspot\src\share\vm\interpreter\linkResolver.cpp, line 1178]
Event: 3.857 Thread 0x0000000002140000 Exception <a 'java/lang/NullPointerException'> (0x00000000d030fb80) thrown at [C:\re\workspace\8-2-build-windows-amd64-cygwin\jdk8u111\7883\hotspot\src\share\vm\interpreter\linkResolver.cpp, line 1178]
Event: 5.472 Thread 0x0000000002140000 Implicit null exception at 0x0000000002b92067 to 0x0000000002b922b1
Event: 11.071 Thread 0x0000000002140000 Implicit null exception at 0x0000000002f498ed to 0x0000000002f4a709
Event: 11.230 Thread 0x0000000002140000 Implicit null exception at 0x0000000002f75be8 to 0x0000000002f76b39
Event: 16.292 Thread 0x0000000002140000 Implicit null exception at 0x000000000313cdff to 0x000000000313e925
Event: 18.113 Thread 0x0000000002140000 Implicit null exception at 0x0000000003145d1f to 0x000000000314712d
Event: 24.275 Thread 0x0000000002140000 Implicit null exception at 0x0000000003264e1d to 0x00000000032654c1

Events (10 events):
Event: 22.684 Executing VM operation: GenCollectForAllocation
Event: 23.382 Executing VM operation: GenCollectForAllocation done
Event: 23.595 Thread 0x0000000002140000 DEOPT PACKING pc=0x0000000002e753d8 sp=0x000000000235d830
Event: 23.595 Thread 0x0000000002140000 DEOPT UNPACKING pc=0x000000000267787f sp=0x000000000235d538 mode 0
Event: 23.667 Thread 0x0000000002140000 DEOPT PACKING pc=0x0000000002d0255f sp=0x000000000235d650
Event: 23.667 Thread 0x0000000002140000 DEOPT UNPACKING pc=0x000000000267787f sp=0x000000000235d4a0 mode 0
Event: 24.275 Thread 0x0000000002140000 Uncommon trap: trap_request=0xffffff65 fr.pc=0x00000000032654d0
Event: 24.275 Thread 0x0000000002140000 DEOPT PACKING pc=0x00000000032654d0 sp=0x000000000235cd30
Event: 24.275 Thread 0x0000000002140000 DEOPT UNPACKING pc=0x000000000267582a sp=0x000000000235cc78 mode 2
Event: 24.402 Executing VM operation: GenCollectForAllocation


Dynamic libraries:
0x000000013f480000 - 0x000000013f4b7000 	C:\opt\Java\jdk1.8.0_111\bin\java.exe
0x0000000076dc0000 - 0x0000000076f5f000 	C:\Windows\SYSTEM32\ntdll.dll
0x0000000076ca0000 - 0x0000000076dbf000 	C:\Windows\system32\kernel32.dll
0x000007fefcbe0000 - 0x000007fefcc4a000 	C:\Windows\system32\KERNELBASE.dll
0x000007fefe890000 - 0x000007fefe96b000 	C:\Windows\system32\ADVAPI32.dll
0x000007feff010000 - 0x000007feff0af000 	C:\Windows\system32\msvcrt.dll
0x000007fefeff0000 - 0x000007feff00f000 	C:\Windows\SYSTEM32\sechost.dll
0x000007fefe970000 - 0x000007fefea9c000 	C:\Windows\system32\RPCRT4.dll
0x0000000076ba0000 - 0x0000000076c9a000 	C:\Windows\system32\USER32.dll
0x000007fefef80000 - 0x000007fefefe7000 	C:\Windows\system32\GDI32.dll
0x000007fefef70000 - 0x000007fefef7e000 	C:\Windows\system32\LPK.dll
0x000007fefd280000 - 0x000007fefd34b000 	C:\Windows\system32\USP10.dll
0x000007fefb170000 - 0x000007fefb365000 	C:\Windows\WinSxS\amd64_microsoft.windows.common-controls_6595b64144ccf1df_6.0.7601.24440_none_e36f1bbf30ff0606\COMCTL32.dll
0x000007fefd870000 - 0x000007fefd8e1000 	C:\Windows\system32\SHLWAPI.dll
0x000007fefd7c0000 - 0x000007fefd7ee000 	C:\Windows\system32\IMM32.DLL
0x000007fefd8f0000 - 0x000007fefd9f9000 	C:\Windows\system32\MSCTF.dll
0x000000006fea0000 - 0x000000006ff72000 	C:\opt\Java\jdk1.8.0_111\jre\bin\msvcr100.dll
0x000000006c000000 - 0x000000006c89a000 	C:\opt\Java\jdk1.8.0_111\jre\bin\server\jvm.dll
0x000007fef9390000 - 0x000007fef9399000 	C:\Windows\system32\WSOCK32.dll
0x000007fefd770000 - 0x000007fefd7bd000 	C:\Windows\system32\WS2_32.dll
0x000007fefd530000 - 0x000007fefd538000 	C:\Windows\system32\NSI.dll
0x000007fef9960000 - 0x000007fef999b000 	C:\Windows\system32\WINMM.dll
0x000007fefb970000 - 0x000007fefb97c000 	C:\Windows\system32\VERSION.dll
0x0000000076f60000 - 0x0000000076f67000 	C:\Windows\system32\PSAPI.DLL
0x0000000070eb0000 - 0x0000000070ebf000 	C:\opt\Java\jdk1.8.0_111\jre\bin\verify.dll
0x0000000070e10000 - 0x0000000070e39000 	C:\opt\Java\jdk1.8.0_111\jre\bin\java.dll
0x0000000070df0000 - 0x0000000070e06000 	C:\opt\Java\jdk1.8.0_111\jre\bin\zip.dll
0x000007fefda00000 - 0x000007fefe78b000 	C:\Windows\system32\SHELL32.dll
0x000007fefed70000 - 0x000007fefef6f000 	C:\Windows\system32\ole32.dll
0x000007fefc8a0000 - 0x000007fefc8af000 	C:\Windows\system32\profapi.dll
0x0000000070b00000 - 0x0000000070b1a000 	C:\opt\Java\jdk1.8.0_111\jre\bin\net.dll
0x000007fefbfd0000 - 0x000007fefc025000 	C:\Windows\system32\mswsock.dll
0x000007fefc310000 - 0x000007fefc317000 	C:\Windows\System32\wship6.dll
0x000000006fe80000 - 0x000000006fe91000 	C:\opt\Java\jdk1.8.0_111\jre\bin\nio.dll

VM Arguments:
jvm_args: -Xms128m -Xmx796m -XX:PermSize=64m -XX:MaxPermSize=172m -Dfile.encoding=UTF-8 -Dclassworlds.conf=C:\opt\apache-maven-3.2.5\bin\..\bin\m2.conf -Dmaven.home=C:\opt\apache-maven-3.2.5\bin\.. 
java_command: org.codehaus.plexus.classworlds.launcher.Launcher clean install -Dfile.encoding=UTF-8 -Dmaven.test.skip=true sakai:deploy -Dmaven.tomcat.home=C:\opt\tomcat
java_class_path (initial): C:\opt\apache-maven-3.2.5\bin\..\boot\plexus-classworlds-2.5.2.jar
Launcher Type: SUN_STANDARD

Environment Variables:
JAVA_HOME=C:\opt\Java\jdk1.8.0_111
CLASSPATH=.;c:\opt\tomcat\lib\*
PATH=C:\ProgramData\Oracle\Java\javapath;C:\Windows\system32;C:\Windows;C:\Windows\System32\Wbem;C:\Windows\System32\WindowsPowerShell\v1.0\;C:\Windows\System32\WindowsPowerShell\v1.0\;C:\ProgramData\GooGet;C:\Program Files\Google\Compute Engine\metadata_scripts;C:\Program Files (x86)\Google\Cloud SDK\google-cloud-sdk\bin;C:\Windows\System32\WindowsPowerShell\v1.0\;C:\Program Files\Google\Compute Engine\sysprep;c:\Program Files (x86)\Microsoft SQL Server\110\Tools\Binn\;c:\Program Files\Microsoft SQL Server\110\Tools\Binn\;c:\Program Files\Microsoft SQL Server\110\DTS\Binn\;C:\Program Files (x86)\Microsoft SQL Server\150\DTS\Binn\;C:\opt\Java\jdk1.8.0_111\bin;C:\opt\apache-maven-3.2.5\bin;C:\opt\tomcat\bin;C:\Program Files\Git\cmd;C:\opt\MySQL\MySQL Server 5.5\bin;C:\Users\ngongochai112\AppData\Local\GitHubDesktop\bin
USERNAME=ngongochai112
OS=Windows_NT
PROCESSOR_IDENTIFIER=Intel64 Family 6 Model 63 Stepping 0, GenuineIntel



---------------  S Y S T E M  ---------------

OS: Windows Server 2008 R2 , 64 bit Build 7601 (6.1.7601.24441)

CPU:total 1 (1 cores per cpu, 1 threads per core) family 6 model 63 stepping 0, cmov, cx8, fxsr, mmx, sse, sse2, sse3, ssse3, sse4.1, sse4.2, popcnt, avx, avx2, aes, clmul, erms, lzcnt, tsc, tscinvbit, bmi1, bmi2

Memory: 4k page, physical 3931756k(132564k free), swap 4978432k(5092k free)

vm_info: Java HotSpot(TM) 64-Bit Server VM (25.111-b14) for windows-amd64 JRE (1.8.0_111-b14), built on Sep 22 2016 19:24:05 by "java_re" with MS VC++ 10.0 (VS2010)

time: Sat Jun 01 17:44:40 2019
elapsed time: 24 seconds (0d 0h 0m 24s)

